<?xml version="1.0" encoding="UTF-8"?>
<!-- Generated by org.testng.reporters.JUnitReportReporter -->
<testsuite hostname="LTIN280286" failures="0" tests="6" name="testcases.TC002_Language_Learning" time="21.352" errors="0" timestamp="2024-02-29T15:43:26 IST" skipped="0">
  <testcase classname="testcases.TC002_Language_Learning" name="ShowMorelinkVerification" time="0.349"/>
  <system-out/>
  <testcase classname="testcases.TC002_Language_Learning" name="LanguageVerification" time="3.171"/>
  <system-out/>
  <testcase classname="testcases.TC002_Language_Learning" name="CloselinkVerification" time="0.099"/>
  <system-out/>
  <testcase classname="testcases.TC002_Language_Learning" name="LevelCountVerification" time="2.438"/>
  <system-out/>
  <testcase classname="testcases.TC002_Language_Learning" name="ClickCourseraVerification" time="5.858"/>
  <system-out/>
  <testcase classname="testcases.TC002_Language_Learning" name="forEnterpriseVerification" time="9.437"/>
  <system-out/>
</testsuite> <!-- testcases.TC002_Language_Learning -->
