<?xml version="1.0" encoding="UTF-8"?>
<!-- Generated by org.testng.reporters.JUnitReportReporter -->
<testsuite hostname="LTIN280286" failures="0" tests="14" name="testcases.TC003_Form_Page" time="15.916" errors="0" timestamp="2024-02-29T15:43:26 IST" skipped="0">
  <testcase classname="testcases.TC003_Form_Page" name="FormValidation" time="0.360"/>
  <system-out/>
  <testcase classname="testcases.TC003_Form_Page" name="ClickProductVerification" time="3.598"/>
  <system-out/>
  <testcase classname="testcases.TC003_Form_Page" name="learnMoreVerification" time="8.266"/>
  <system-out/>
  <testcase classname="testcases.TC003_Form_Page" name="VerificationName" time="0.807"/>
  <system-out/>
  <testcase classname="testcases.TC003_Form_Page" name="emailVerification" time="0.301"/>
  <system-out/>
  <testcase classname="testcases.TC003_Form_Page" name="phnoVerification" time="0.315"/>
  <system-out/>
  <testcase classname="testcases.TC003_Form_Page" name="institutionVerification" time="0.564"/>
  <system-out/>
  <testcase classname="testcases.TC003_Form_Page" name="jobRoleVerification" time="0.301"/>
  <system-out/>
  <testcase classname="testcases.TC003_Form_Page" name="deptVerification" time="0.241"/>
  <system-out/>
  <testcase classname="testcases.TC003_Form_Page" name="bDescVerification" time="0.325"/>
  <system-out/>
  <testcase classname="testcases.TC003_Form_Page" name="ctryVerification" time="0.332"/>
  <system-out/>
  <testcase classname="testcases.TC003_Form_Page" name="stateVerification" time="0.236"/>
  <system-out/>
  <testcase classname="testcases.TC003_Form_Page" name="subButtonVerification" time="0.102"/>
  <system-out/>
  <testcase classname="testcases.TC003_Form_Page" name="captureMessageVerification" time="0.168"/>
  <system-out/>
</testsuite> <!-- testcases.TC003_Form_Page -->
