<?xml version="1.0" encoding="UTF-8"?>
<!-- Generated by org.testng.reporters.JUnitReportReporter -->
<testsuite hostname="LTIN280286" failures="0" tests="4" name="testcases.TC001_Home_Page" time="26.939" errors="0" timestamp="2024-02-29T15:43:26 IST" skipped="0">
  <testcase classname="testcases.TC001_Home_Page" name="homePageVerification" time="6.862"/>
  <system-out/>
  <testcase classname="testcases.TC001_Home_Page" name="WebDevelopmentPageVerification" time="0.700"/>
  <system-out/>
  <testcase classname="testcases.TC001_Home_Page" name="coursesVerification" time="17.770"/>
  <system-out/>
  <testcase classname="testcases.TC001_Home_Page" name="SecondsearchboxVerification" time="1.607"/>
  <system-out/>
</testsuite> <!-- testcases.TC001_Home_Page -->
